app/build/outputs/logs/manifest-merger-debug-report.txt
-- Merging decision tree log ---
manifest
ADDED from src\main\AndroidManifest.xml:1:39-10:418
	package
		ADDED from src\main\AndroidManifest.xml:1:99-145
		INJECTED from src\main\AndroidManifest.xml
		INJECTED from src\main\AndroidManifest.xml
	android:versionName
		ADDED from src\main\AndroidManifest.xml:1:73-98
	android:versionCode
		ADDED from src\main\AndroidManifest.xml:1:49-72
		INJECTED from src\main\AndroidManifest.xml
		INJECTED from src\main\AndroidManifest.xml
	xmlns:android
		ADDED from src\main\AndroidManifest.xml:1:146-204
application
ADDED from src\main\AndroidManifest.xml:2:5-9:57
	android:label
		ADDED from src\main\AndroidManifest.xml:2:55-87
	android:icon
		ADDED from src\main\AndroidManifest.xml:2:18-54
activity#com.kbi.obb.jpsmith.SocketIOPushTest.defaultactivity
ADDED from src\main\AndroidManifest.xml:3:9-8:20
	android:label
		ADDED from src\main\AndroidManifest.xml:3:19-51
	android:name
		ADDED from src\main\AndroidManifest.xml:3:52-82
intent-filter#android.intent.action.MAIN+android.intent.category.LAUNCHER
ADDED from src\main\AndroidManifest.xml:4:13-7:29
action#android.intent.action.MAIN
ADDED from src\main\AndroidManifest.xml:5:17-68
	android:name
		ADDED from src\main\AndroidManifest.xml:5:25-66
category#android.intent.category.LAUNCHER
ADDED from src\main\AndroidManifest.xml:6:17-76
	android:name
		ADDED from src\main\AndroidManifest.xml:6:27-74
service#com.kbi.obb.jpsmith.SocketIOPushTest.DemoService
ADDED from src\main\AndroidManifest.xml:9:5-43
	android:name
		ADDED from src\main\AndroidManifest.xml:9:14-41
uses-permission#android.permission.INTERNET
ADDED from src\main\AndroidManifest.xml:10:1-62
	android:name
		ADDED from src\main\AndroidManifest.xml:10:18-60
uses-permission#android.permission.ACCESS_FINE_LOCATION
ADDED from src\main\AndroidManifest.xml:10:62-135
	android:name
		ADDED from src\main\AndroidManifest.xml:10:79-133
uses-permission#android.permission.ACCESS_COARSE_LOCATION
ADDED from src\main\AndroidManifest.xml:10:135-210
	android:name
		ADDED from src\main\AndroidManifest.xml:10:152-208
supports-screens
ADDED from src\main\AndroidManifest.xml:10:210-369
	android:largeScreens
		ADDED from src\main\AndroidManifest.xml:10:254-281
	android:smallScreens
		ADDED from src\main\AndroidManifest.xml:10:311-338
	android:normalScreens
		ADDED from src\main\AndroidManifest.xml:10:282-310
	android:xlargeScreens
		ADDED from src\main\AndroidManifest.xml:10:339-367
	android:anyDensity
		ADDED from src\main\AndroidManifest.xml:10:228-253
uses-sdk
ADDED from src\main\AndroidManifest.xml:10:369-407
	android:targetSdkVersion
		INJECTED from src\main\AndroidManifest.xml
		INJECTED from src\main\AndroidManifest.xml
	android:minSdkVersion
		ADDED from src\main\AndroidManifest.xml:10:379-405
		INJECTED from src\main\AndroidManifest.xml
		INJECTED from src\main\AndroidManifest.xml